[0m13:12:29.327612 [debug] [MainThread]: Sending event: {'category': 'dbt', 'action': 'invocation', 'label': 'start', 'context': [<snowplow_tracker.self_describing_json.SelfDescribingJson object at 0x000002655D50BDA0>, <snowplow_tracker.self_describing_json.SelfDescribingJson object at 0x0000026559158740>, <snowplow_tracker.self_describing_json.SelfDescribingJson object at 0x000002655D50B170>]}


============================== 13:12:29.610033 | 8cc94c3d-95c5-42a2-8c52-16e0532a42ca ==============================
[0m13:12:29.610033 [info ] [MainThread]: Running with dbt=1.11.6
[0m13:12:29.610033 [debug] [MainThread]: running dbt with arguments {'static_parser': 'True', 'no_print': 'None', 'version_check': 'True', 'target_path': 'None', 'warn_error_options': 'WarnErrorOptionsV2(error=[], warn=[], silence=[])', 'printer_width': '80', 'write_json': 'True', 'empty': 'None', 'log_cache_events': 'False', 'introspect': 'True', 'cache_selected_only': 'False', 'fail_fast': 'False', 'debug': 'False', 'log_format': 'default', 'partial_parse': 'True', 'send_anonymous_usage_stats': 'True', 'quiet': 'False', 'warn_error': 'None', 'profiles_dir': 'C:\\Users\\sonik\\.dbt', 'invocation_command': 'dbt init', 'use_colors': 'True', 'indirect_selection': 'eager', 'use_experimental_parser': 'False', 'log_path': 'logs'}
[0m13:12:53.330008 [debug] [MainThread]: Starter project path: K:\Airbnb_Snowflake_DBT\.venv\Lib\site-packages\dbt\include\starter_project
[0m13:12:53.396471 [info ] [MainThread]: 
Your new dbt project "aws_dbt_snowflake_project" was created!

For more information on how to configure the profiles.yml file,
please consult the dbt documentation here:

  https://docs.getdbt.com/docs/configure-your-profile

One more thing:

Need help? Don't hesitate to reach out to us via GitHub issues or on Slack:

  https://community.getdbt.com/

Happy modeling!

[0m13:12:53.396471 [info ] [MainThread]: Setting up your profile.
[0m13:13:20.420629 [debug] [MainThread]: Snowflake adapter: Setting snowflake.connector to ERROR (file logging only)
[0m13:13:20.422703 [debug] [MainThread]: Snowflake adapter: Setting botocore to ERROR (file logging only)
[0m13:13:20.423718 [debug] [MainThread]: Snowflake adapter: Setting boto3 to ERROR (file logging only)
[0m13:18:27.329245 [info ] [MainThread]: Profile aws_dbt_snowflake_project written to C:\Users\sonik\.dbt\profiles.yml using target's profile_template.yml and your supplied values. Run 'dbt debug' to validate the connection.
[0m13:18:27.340748 [debug] [MainThread]: Command `dbt init` succeeded at 13:18:27.340035 after 358.39 seconds
[0m13:18:27.343547 [debug] [MainThread]: Sending event: {'category': 'dbt', 'action': 'invocation', 'label': 'end', 'context': [<snowplow_tracker.self_describing_json.SelfDescribingJson object at 0x000002655B822FF0>, <snowplow_tracker.self_describing_json.SelfDescribingJson object at 0x000002655DE91E80>, <snowplow_tracker.self_describing_json.SelfDescribingJson object at 0x000002655F4300E0>]}
[0m13:18:27.348210 [debug] [MainThread]: Flushing usage events
[0m13:18:30.092934 [debug] [MainThread]: An error was encountered while trying to flush usage events
